<?xml version="1.0" encoding="UTF-8"?>
<!-- Generated by org.testng.reporters.JUnitXMLReporter -->
<testsuite ignored="0" hostname="arzu" failures="0" tests="3" name="Default test" time="26.38" errors="0" timestamp="2020-05-30T14:20:59 CDT">
  <testcase classname="com.hrms.testcases.LoginTest" name="InvalidPasswordlogin" time="1.299"/>
  <testcase classname="com.hrms.testcases.LoginTest" name="ValidAdminlogin" time="2.389"/>
  <testcase classname="com.hrms.testcases.LoginTest" name="emptyUsernamelogin" time="0.399"/>
</testsuite> <!-- Default test -->
