<?xml version="1.0" encoding="UTF-8"?>
<!-- Generated by org.testng.reporters.JUnitXMLReporter -->
<testsuite ignored="3" hostname="arzu" failures="0" tests="7" name="Regression Test" time="120.665" errors="0" timestamp="2020-06-01T16:16:50 CDT">
  <testcase classname="com.hrms.testcases.AddEmployeeTest" name="addEmployee" time="13.268"/>
  <testcase classname="com.hrms.testcases.AddEmployeeTest" name="addEmployee" time="12.918"/>
  <testcase classname="com.hrms.testcases.AddEmployeeTest" name="addEmployee" time="11.671"/>
  <testcase classname="com.hrms.testcases.AddEmployeeTest" name="addEmployee" time="12.317"/>
  <testcase classname="com.hrms.testcases.AddEmployeeTest" name="addEmployee" time="12.636"/>
  <testcase classname="com.hrms.testcases.LoginTest" name="InvalidPasswordlogin" time="1.237"/>
  <testcase classname="com.hrms.testcases.LoginTest" name="emptyUsernamelogin" time="0.457"/>
  <testcase classname="com.hrms.testbase.BaseClass" name="@BeforeTest generateReport" time="0.0">
    <ignored/>
  </testcase> <!-- @BeforeTest generateReport -->
  <testcase classname="com.hrms.testcases.LoginTest" name="ValidAdminlogin" time="0.0">
    <ignored/>
  </testcase> <!-- ValidAdminlogin -->
  <testcase classname="com.hrms.testbase.BaseClass" name="@AfterTest writeReporter" time="0.0">
    <ignored/>
  </testcase> <!-- @AfterTest writeReporter -->
</testsuite> <!-- Regression Test -->
