<?xml version="1.0" encoding="UTF-8"?>
<!-- Generated by org.testng.reporters.JUnitXMLReporter -->
<testsuite ignored="0" hostname="arzu" failures="0" tests="4" name="Smoke Test" time="40.529" errors="0" timestamp="2020-05-30T14:22:05 CDT">
  <testcase classname="com.hrms.testcases.AddEmployeeTest" name="addEmployeePage" time="0.015"/>
  <testcase classname="com.hrms.testcases.LoginTest" name="InvalidPasswordlogin" time="1.35"/>
  <testcase classname="com.hrms.testcases.LoginTest" name="ValidAdminlogin" time="2.287"/>
  <testcase classname="com.hrms.testcases.LoginTest" name="emptyUsernamelogin" time="0.446"/>
</testsuite> <!-- Smoke Test -->
