<?xml version="1.0" encoding="UTF-8"?>
<!-- Generated by org.testng.reporters.JUnitXMLReporter -->
<testsuite ignored="15" hostname="arzu" failures="0" tests="1" name="Smoke Test" time="13.339" errors="0" timestamp="2020-06-06T19:20:45 CDT">
  <testcase classname="com.hrms.testcases.LoginTest" name="ValidAdminlogin" time="2.937"/>
  <testcase classname="com.hrms.testbase.BaseClass" name="@BeforeTest generateReport" time="0.0">
    <ignored/>
  </testcase> <!-- @BeforeTest generateReport -->
  <testcase classname="com.hrms.testbase.BaseClass" name="@BeforeTest generateReport" time="0.0">
    <ignored/>
  </testcase> <!-- @BeforeTest generateReport -->
  <testcase classname="com.hrms.testbase.BaseClass" name="@BeforeTest generateReport" time="0.0">
    <ignored/>
  </testcase> <!-- @BeforeTest generateReport -->
  <testcase classname="com.hrms.testbase.BaseClass" name="@BeforeTest generateReport" time="0.0">
    <ignored/>
  </testcase> <!-- @BeforeTest generateReport -->
  <testcase classname="com.hrms.testcases.AddEmplwithExcel" name="addEmployee" time="0.0">
    <ignored/>
  </testcase> <!-- addEmployee -->
  <testcase classname="com.hrms.testcases.EmployeeReportsTest" name="empReport" time="0.0">
    <ignored/>
  </testcase> <!-- empReport -->
  <testcase classname="com.hrms.testcases.AddEmployeeTest" name="addEmployee" time="0.0">
    <ignored/>
  </testcase> <!-- addEmployee -->
  <testcase classname="com.hrms.testcases.annotationDemo" name="methodOne" time="0.0">
    <ignored/>
  </testcase> <!-- methodOne -->
  <testcase classname="com.hrms.testcases.AddEmplwith2D" name="addEmployee" time="0.0">
    <ignored/>
  </testcase> <!-- addEmployee -->
  <testcase classname="com.hrms.testcases.LoginTest" name="InvalidPasswordlogin" time="0.0">
    <ignored/>
  </testcase> <!-- InvalidPasswordlogin -->
  <testcase classname="com.hrms.testcases.LoginTest" name="emptyUsernamelogin" time="0.0">
    <ignored/>
  </testcase> <!-- emptyUsernamelogin -->
  <testcase classname="com.hrms.testbase.BaseClass" name="@AfterTest writeReporter" time="0.0">
    <ignored/>
  </testcase> <!-- @AfterTest writeReporter -->
  <testcase classname="com.hrms.testbase.BaseClass" name="@AfterTest writeReporter" time="0.0">
    <ignored/>
  </testcase> <!-- @AfterTest writeReporter -->
  <testcase classname="com.hrms.testbase.BaseClass" name="@AfterTest writeReporter" time="0.0">
    <ignored/>
  </testcase> <!-- @AfterTest writeReporter -->
  <testcase classname="com.hrms.testbase.BaseClass" name="@AfterTest writeReporter" time="0.0">
    <ignored/>
  </testcase> <!-- @AfterTest writeReporter -->
</testsuite> <!-- Smoke Test -->
