<?xml version="1.0" encoding="UTF-8"?>
<!-- Generated by org.testng.reporters.JUnitXMLReporter -->
<testsuite ignored="0" hostname="arzu" failures="0" tests="5" name="Test" time="0.232" errors="0" timestamp="2020-05-30T13:28:56 CDT">
  <testcase classname="com.hrms.testbase.BaseClass" name="@BeforeMethod setUp" time="0.009">
    <failure type="java.lang.NullPointerException">
      <![CDATA[java.lang.NullPointerException
at com.hrms.utils.ConfigsReader.getProperty(ConfigsReader.java:44)
at com.hrms.testbase.BaseClass.setUp(BaseClass.java:25)
at java.base/java.util.ArrayList.forEach(ArrayList.java:1507)
... Removed 31 stack frames]]>
    </failure>
  </testcase> <!-- @BeforeMethod setUp -->
  <testcase classname="com.hrms.testbase.BaseClass" name="@BeforeMethod setUp" time="0.003">
    <failure type="java.lang.NullPointerException">
      <![CDATA[java.lang.NullPointerException
at com.hrms.utils.ConfigsReader.getProperty(ConfigsReader.java:44)
at com.hrms.testbase.BaseClass.setUp(BaseClass.java:25)
at java.base/java.util.ArrayList.forEach(ArrayList.java:1507)
... Removed 31 stack frames]]>
    </failure>
  </testcase> <!-- @BeforeMethod setUp -->
  <testcase classname="com.hrms.testcases.AddEmployeeTest" name="@BeforeMethod openBrowser" time="-1.59086333586E9">
    <skipped/>
  </testcase> <!-- @BeforeMethod openBrowser -->
  <testcase classname="com.hrms.testcases.AddEmployeeTest" name="@AfterMethod closeBrowser" time="-1.59086333587E9">
    <skipped/>
  </testcase> <!-- @AfterMethod closeBrowser -->
  <testcase classname="com.hrms.testbase.BaseClass" name="@BeforeMethod setUp" time="0.02">
    <failure type="java.lang.NullPointerException">
      <![CDATA[java.lang.NullPointerException
at com.hrms.utils.ConfigsReader.getProperty(ConfigsReader.java:44)
at com.hrms.testbase.BaseClass.setUp(BaseClass.java:25)
at java.base/java.util.ArrayList.forEach(ArrayList.java:1507)
... Removed 31 stack frames]]>
    </failure>
  </testcase> <!-- @BeforeMethod setUp -->
  <testcase classname="com.hrms.testbase.BaseClass" name="@BeforeMethod setUp" time="0.005">
    <failure type="java.lang.NullPointerException">
      <![CDATA[java.lang.NullPointerException
at com.hrms.utils.ConfigsReader.getProperty(ConfigsReader.java:44)
at com.hrms.testbase.BaseClass.setUp(BaseClass.java:25)
at java.base/java.util.ArrayList.forEach(ArrayList.java:1507)
... Removed 31 stack frames]]>
    </failure>
  </testcase> <!-- @BeforeMethod setUp -->
  <testcase classname="com.hrms.testbase.BaseClass" name="@BeforeMethod setUp" time="0.005">
    <failure type="java.lang.NullPointerException">
      <![CDATA[java.lang.NullPointerException
at com.hrms.utils.ConfigsReader.getProperty(ConfigsReader.java:44)
at com.hrms.testbase.BaseClass.setUp(BaseClass.java:25)
at java.base/java.util.ArrayList.forEach(ArrayList.java:1507)
... Removed 31 stack frames]]>
    </failure>
  </testcase> <!-- @BeforeMethod setUp -->
  <testcase classname="com.hrms.testcases.AutomateUserStory" name="loginCredentials" time="0.0">
    <skipped/>
  </testcase> <!-- loginCredentials -->
  <testcase classname="com.hrms.testcases.AddEmployeeTest" name="addEmployeePage" time="0.0">
    <skipped/>
  </testcase> <!-- addEmployeePage -->
  <testcase classname="com.hrms.testcases.LoginTest" name="InvalidPasswordlogin" time="0.0">
    <skipped/>
  </testcase> <!-- InvalidPasswordlogin -->
  <testcase classname="com.hrms.testcases.LoginTest" name="ValidAdminlogin" time="0.0">
    <skipped/>
  </testcase> <!-- ValidAdminlogin -->
  <testcase classname="com.hrms.testcases.LoginTest" name="emptyUsernamelogin" time="0.0">
    <skipped/>
  </testcase> <!-- emptyUsernamelogin -->
</testsuite> <!-- Test -->
